<?xml version="1.0" encoding="UTF-8"?>
<beans xmlns="http://www.springframework.org/schema/beans"
    xmlns:xsi="http://www.w3.org/2001/XMLSchema-instance" xmlns:context="http://www.springframework.org/schema/context"
    xmlns:mongo="http://www.springframework.org/schema/data/mongo"
    xsi:schemaLocation="http://www.springframework.org/schema/context
          http://www.springframework.org/schema/context/spring-context-3.0.xsd
          http://www.springframework.org/schema/data/mongo
          http://www.springframework.org/schema/data/mongo/spring-mongo-1.0.xsd
          http://www.springframework.org/schema/beans
          http://www.springframework.org/schema/beans/spring-beans-3.0.xsd">

    <!--          -->
    <!-- General  -->
    <!--          -->

    <!-- Application startup properties -->
    <bean id="appPlaceholderConfigurer" class="org.springframework.context.support.PropertySourcesPlaceholderConfigurer" >
        <property name="ignoreUnresolvablePlaceholders" value="false"/>
    </bean>

    <!--          -->
    <!-- MongoDB  -->
    <!--          -->

    <bean id="mongoDBFactory" class="org.alfresco.bm.common.util.junit.tools.MongoDBForTestsFactory" />
    
    <!--            -->
    <!-- User Data  -->
    <!--            -->

    <bean id="userDataService" class="org.alfresco.bm.user.UserDataServiceImpl">
        <constructor-arg name="db" ref="mongoDBFactory" />
        <constructor-arg name="collection" value="${mongoCollection}" /> 
    </bean>
    
</beans> 