<?xml version="1.0" encoding="UTF-8"?>
<beans xmlns="http://www.springframework.org/schema/beans"
    xmlns:xsi="http://www.w3.org/2001/XMLSchema-instance" 
    xmlns:context="http://www.springframework.org/schema/context"
    xmlns:mongo="http://www.springframework.org/schema/data/mongo"
    xsi:schemaLocation="http://www.springframework.org/schema/context
          http://www.springframework.org/schema/context/spring-context-3.0.xsd
          http://www.springframework.org/schema/data/mongo
          http://www.springframework.org/schema/data/mongo/spring-mongo-1.0.xsd
          http://www.springframework.org/schema/beans
          http://www.springframework.org/schema/beans/spring-beans-3.0.xsd">
 
    <!--          -->
    <!-- Services -->
    <!--          -->

    <import resource="classpath:config/spring/test-services-context.xml" />

    <!--           -->
    <!-- Lifecycle -->
    <!--           -->
    
    <bean id="testLifeCycleController" class="org.alfresco.bm.test.LifecycleController">
        <constructor-arg>
            <array>
                <ref bean="eventController" />
            </array>
        </constructor-arg>
    </bean>
    
    <!--        -->
    <!-- Events -->
    <!--        -->

    <bean id="eventProcessors" class="org.alfresco.bm.event.EventProcessorRegistry" />

    <bean id="eventController" class="org.alfresco.bm.server.EventController" >
        <constructor-arg name="serverId" value="${driverId}" />
        <constructor-arg name="testRunFqn" value="${testRunFqn}" />
        <constructor-arg name="eventService" ref="eventService" />
        <constructor-arg name="eventProcessors" ref="eventProcessors" />
        <constructor-arg name="resultService" ref="resultService" />
        <constructor-arg name="sessionService" ref="sessionService" />
        <constructor-arg name="threadCount" value="${events.threads.count}" />
        <property name="eventsPerSecondPerThread" value="${events.threads.eventsPerSecondPerThread}" />
    </bean>
    
    <!--                 -->
    <!-- Reporting       -->
    <!--                 -->

    <!-- The CompletionEstimator looking at the test elapsed time -->
    <bean id="completionEstimator.elapsedTime" class="org.alfresco.bm.test.ElapsedTimeCompletionEstimator">
        <constructor-arg name="eventService" ref="eventService" />
        <constructor-arg name="resultService" ref="resultService" />
        <constructor-arg name="timeUnitStr" value="${test.durationUnit}" />
        <constructor-arg name="duration" value="${test.duration}" />
    </bean>

    <!-- The CompletionEstimator looking at the presence of any events -->
    <bean id="completionEstimator.unknown" class="org.alfresco.bm.test.UnknownCompletionEstimator">
        <constructor-arg name="eventService" ref="eventService" />
        <constructor-arg name="resultService" ref="resultService" />
    </bean>

    <!-- Every test must have a bean with this name -->
    <bean id="completionEstimator" class="org.alfresco.bm.test.CompoundCompletionEstimator">
        <constructor-arg name="eventService" ref="eventService" />
        <constructor-arg name="resultService" ref="resultService" />
        <constructor-arg name="estimators">
            <list>
                <ref bean="completionEstimator.elapsedTime" />
                <ref bean="completionEstimator.unknown" />
            </list>
        </constructor-arg>
    </bean>

    <!--                 -->
    <!-- EventProcessors -->
    <!--                 -->
    
    <bean id="event.base" abstract="true" class="org.alfresco.bm.event.AbstractEventProcessor" init-method="register">
        <property name="registry" ref="eventProcessors" />
    </bean>
    <bean id="event.start" class="org.alfresco.bm.event.DoNothingEventProcessor" parent="event.base" />
    
</beans>