<?xml version="1.0" encoding="UTF-8"?>
<beans xmlns="http://www.springframework.org/schema/beans"
       xmlns:xsi="http://www.w3.org/2001/XMLSchema-instance"
       xsi:schemaLocation="http://www.springframework.org/schema/beans
          http://www.springframework.org/schema/beans/spring-beans-3.0.xsd">

    <!-- Bean that produces test properties -->
    <bean id="testRawProperties" class="org.springframework.beans.factory.config.PropertiesFactoryBean" >
        <property name="locations">
            <list>
                <value>classpath*:prop/*.properties</value>
                <value>classpath*:config/defaults/api-test*.properties</value>
            </list>
        </property>
    </bean>
    
</beans> 