<?xml version="1.0" encoding="UTF-8"?>
<beans xmlns="http://www.springframework.org/schema/beans"
    xmlns:xsi="http://www.w3.org/2001/XMLSchema-instance" 
    xmlns:context="http://www.springframework.org/schema/context"
    xmlns:mongo="http://www.springframework.org/schema/data/mongo"
    xsi:schemaLocation="http://www.springframework.org/schema/context
          http://www.springframework.org/schema/context/spring-context-3.0.xsd
          http://www.springframework.org/schema/data/mongo
          http://www.springframework.org/schema/data/mongo/spring-mongo-1.0.xsd
          http://www.springframework.org/schema/beans
          http://www.springframework.org/schema/beans/spring-beans-3.0.xsd">

 
    <!--
        alfresco-benchmark-bm-sample: [Project description]
     -->
         
    <!-- Import any application contexts for test runs -->
    <import resource="classpath:config/spring/test-common-context.xml" />
    
    <!--                 -->
    <!-- DAO             -->
    <!--                 -->

    <bean id="processDataDAO" class="org.alfresco.bm.data.ProcessDataDAO" >
        <constructor-arg name="db" ref="testMongoDB" />
        <constructor-arg name="collection" value="mirrors.${proc.dataMirror}.processes" />
    </bean>

    <!--                 -->
    <!-- Reporting       -->
    <!--                 -->

    <!-- The CompletionEstimator looking at the process count results -->
    <bean id="completionEstimator" class="org.alfresco.bm.test.EventCountCompletionEstimator">
        <constructor-arg name="eventService" ref="eventService" />
        <constructor-arg name="resultService" ref="resultService" />
        <constructor-arg name="eventName" value="process" />
        <constructor-arg name="eventCount" value="${proc.processCount}" />
    </bean>

    <!--                 -->
    <!-- EventProcessors -->
    <!--                 -->
    <!--
        The event processors will handle events based on their bean names after removal of the 'event.' prefix.
        So, for example:
            bean "event.start" will handle events named "start"
            bean "event.invite" will handle events named "invite"
        This behaviour can be overridden.  See the javadocs of AbstractEventProcessor.
    -->
    
    <bean id="event.start" class="org.alfresco.bm.event.RenameEventProcessor" parent="event.base" >
        <constructor-arg name="outputEventName" value="scheduleProcesses" />
        <property name="chart" value="false" />
    </bean>
    <bean id="event.scheduleProcesses" class="org.alfresco.bm.process.ScheduleProcesses" parent="event.base" >
        <constructor-arg name="testRunFqn" value="${testRunFqn}" />
        <constructor-arg name="processCount" value="${proc.processCount}" />
        <constructor-arg name="timeBetweenProcesses" value="${proc.timeBetweenProcesses}" />
        <property name="batchSize" value="${proc.scheduleBatchSize}" />
        <property name="chart" value="true" />
    </bean>
    <bean id="event.process" class="org.alfresco.bm.process.ExecuteProcess" parent="event.base" >
        <constructor-arg name="processDataDAO" ref="processDataDAO" />
        <property name="chart" value="true" />
    </bean>
    <bean id="event.processDone" class="org.alfresco.bm.event.DoNothingEventProcessor" parent="event.base" >
        <property name="chart" value="false" />
    </bean>
    
</beans>