<?xml version="1.0" encoding="UTF-8"?>
<beans xmlns="http://www.springframework.org/schema/beans"
    xmlns:xsi="http://www.w3.org/2001/XMLSchema-instance" 
    xmlns:context="http://www.springframework.org/schema/context"
    xmlns:mongo="http://www.springframework.org/schema/data/mongo"
    xsi:schemaLocation="http://www.springframework.org/schema/context
          http://www.springframework.org/schema/context/spring-context-3.0.xsd
          http://www.springframework.org/schema/data/mongo
          http://www.springframework.org/schema/data/mongo/spring-mongo-1.0.xsd
          http://www.springframework.org/schema/beans
          http://www.springframework.org/schema/beans/spring-beans-3.0.xsd">
 
    <!--         -->
    <!-- Http    -->
    <!--         -->

    <!-- Shared HTTP-Client instance provider to have better performance -->
    <bean id="httpClientProvider" class="org.alfresco.http.SharedHttpClientProvider">
         <constructor-arg name="maxNumberOfConnections" value="${http.connection.max}" />
         <constructor-arg name="connectionTimeoutMs" value="${http.connection.timeoutMs}" />
         <constructor-arg name="socketTimeoutMs" value="${http.socket.timeoutMs}" />
         <constructor-arg name="socketTtlMs" value="${http.socket.ttlMs}" />
    </bean>
    
</beans>