<?xml version="1.0" encoding="UTF-8"?>
<beans xmlns="http://www.springframework.org/schema/beans"
       xmlns:xsi="http://www.w3.org/2001/XMLSchema-instance"
       xsi:schemaLocation="http://www.springframework.org/schema/beans
          http://www.springframework.org/schema/beans/spring-beans-3.0.xsd">

    <bean id="propConfig" class="org.springframework.context.support.PropertySourcesPlaceholderConfigurer" >
        <property name="ignoreUnresolvablePlaceholders" value="false"/>
    </bean>

    <bean id="mongoClientURI" class="com.mongodb.MongoClientURI" >
        <constructor-arg name="uri" value="${mongo.uri.test}" />
    </bean>

    <bean id="mongoClient" class="org.alfresco.bm.common.mongo.MongoClientFactory" >
        <constructor-arg name="mongoClientURI" ref="mongoClientURI" />
        <constructor-arg name="username"><null/></constructor-arg>
        <constructor-arg name="password"><null/></constructor-arg>
    </bean>

    <bean id="dbOne" class="org.alfresco.bm.common.mongo.MongoDBFactory" >
        <constructor-arg name="mongoClient" ref="mongoClient" />
        <constructor-arg name="database" value="one" />
    </bean>

    <bean id="dbTwo" class="org.alfresco.bm.common.mongo.MongoDBFactory" >
        <constructor-arg name="mongoClient" ref="mongoClient" />
        <constructor-arg name="database" value="two" />
    </bean>

</beans> 