<?xml version="1.0" encoding="UTF-8"?>
<beans xmlns="http://www.springframework.org/schema/beans"
       xmlns:xsi="http://www.w3.org/2001/XMLSchema-instance"
       xsi:schemaLocation="http://www.springframework.org/schema/beans
          http://www.springframework.org/schema/beans/spring-beans-3.0.xsd">

    <bean id="eventProducers" class="org.alfresco.bm.driver.event.producer.EventProducerRegistry" />
    <bean id="producer.base" abstract="true" class="org.alfresco.bm.driver.event.producer.AbstractEventProducer" init-method="register">
        <property name="registry" ref="eventProducers" />
    </bean>
    <bean id="producer.terminate" class="org.alfresco.bm.driver.event.producer.TerminateEventProducer" parent="producer.base" >
    </bean>
    <bean id="producer.redirectToB" class="org.alfresco.bm.driver.event.producer.RedirectEventProducer" parent="producer.base" >
        <constructor-arg name="newEventName" value="b" />
        <constructor-arg name="delay" value="10000" />
    </bean>
    <bean id="producer.redirectToC" class="org.alfresco.bm.driver.event.producer.RedirectEventProducer" parent="producer.base" >
        <constructor-arg name="newEventName" value="c" />
        <constructor-arg name="delay" value="-10000" />
    </bean>
    <bean id="producer.random" class="org.alfresco.bm.driver.event.producer.RandomRedirectEventProducer" parent="producer.base" >
        <constructor-arg name="eventWeights">
            <list>
                <bean class="org.alfresco.bm.driver.event.EventWeight">
                    <constructor-arg name="eventName" value="b" />
                    <constructor-arg name="weight" value="0.1" />
                </bean>
                <bean class="org.alfresco.bm.driver.event.EventWeight">
                    <constructor-arg name="eventName" value="c" />
                    <constructor-arg name="weight" value="0.1" />
                </bean>
            </list>
        </constructor-arg>
    </bean>
    
</beans> 