<?xml version="1.0" encoding="UTF-8"?>
<beans xmlns="http://www.springframework.org/schema/beans"
    xmlns:xsi="http://www.w3.org/2001/XMLSchema-instance" xmlns:context="http://www.springframework.org/schema/context"
    xmlns:mongo="http://www.springframework.org/schema/data/mongo"
    xsi:schemaLocation="http://www.springframework.org/schema/context
          http://www.springframework.org/schema/context/spring-context-3.0.xsd
          http://www.springframework.org/schema/data/mongo
          http://www.springframework.org/schema/data/mongo/spring-mongo-1.0.xsd
          http://www.springframework.org/schema/beans
          http://www.springframework.org/schema/beans/spring-beans-3.0.xsd">

    <!--          -->
    <!-- General  -->
    <!--          -->

    <!-- Application startup properties -->
    <bean id="appPlaceholderConfigurer" class="org.springframework.context.support.PropertySourcesPlaceholderConfigurer" >
        <property name="ignoreUnresolvablePlaceholders" value="false"/>
    </bean>

    <!--          -->
    <!-- MongoDB  -->
    <!--          -->

    <bean id="mongoDBFactory" class="org.alfresco.mongo.MongoDBForTestsFactory" />
    
    <!--          -->
    <!-- FTP      -->
    <!--          -->
    
    <bean id="fileDataService" class="org.alfresco.bm.file.FileDataServiceImpl">
        <constructor-arg name="db" ref="mongoDBFactory" />
        <constructor-arg name="collection" value="${test.mongoCollection}" /> 
    </bean>
    
    <bean id="ftpTestFileService" class="org.alfresco.bm.file.FtpTestFileService">
        <constructor-arg name="fileDataService" ref="fileDataService" />
        <constructor-arg name="localDir" value="${test.localDir}" /> 
        <constructor-arg name="ftpHost" value="${test.ftpHost}" /> 
        <constructor-arg name="ftpPort" value="${test.ftpPort}" /> 
        <constructor-arg name="ftpUsername" value="${test.ftpUsername}" /> 
        <constructor-arg name="ftpPassword" value="${test.ftpPassword}" /> 
        <constructor-arg name="ftpPath" value="${test.ftpPath}" /> 
    </bean>
    
    <bean id="localTestFileService" class="org.alfresco.bm.file.LocalTestFileService">
        <constructor-arg name="fileDataService" ref="fileDataService" />
        <constructor-arg name="localDir" value="${test.localDir}" /> 
        <constructor-arg name="testFileDir" value="${test.testFileDir}" /> 
    </bean>
    
</beans> 